C:\USERS\RWHTT\DOCUMENTS\GITHUB\ALLJOYN\ABOUTDEMO\ABOUTSERVICE\X64\DEBUG\ABOUTSERVICE.PCH
C:\USERS\RWHTT\DOCUMENTS\GITHUB\ALLJOYN\ABOUTDEMO\ABOUTSERVICE\X64\DEBUG\STDAFX.OBJ
C:\USERS\RWHTT\DOCUMENTS\GITHUB\ALLJOYN\ABOUTDEMO\ABOUTSERVICE\X64\DEBUG\VC110.PDB
C:\USERS\RWHTT\DOCUMENTS\GITHUB\ALLJOYN\ABOUTDEMO\ABOUTSERVICE\X64\DEBUG\ABOUTSERVICE.OBJ
C:\USERS\RWHTT\DOCUMENTS\GITHUB\ALLJOYN\ABOUTDEMO\ABOUTSERVICE\X64\DEBUG\MYBUSOBJECT.OBJ
C:\USERS\RWHTT\DOCUMENTS\GITHUB\ALLJOYN\ABOUTDEMO\ABOUTSERVICE\X64\DEBUG\MYSESSIONPORTLISTENER.OBJ
C:\USERS\RWHTT\DOCUMENTS\GITHUB\ALLJOYN\ABOUTDEMO\X64\DEBUG\ABOUTSERVICE.ILK
C:\USERS\RWHTT\DOCUMENTS\GITHUB\ALLJOYN\ABOUTDEMO\X64\DEBUG\ABOUTSERVICE.EXE
C:\USERS\RWHTT\DOCUMENTS\GITHUB\ALLJOYN\ABOUTDEMO\X64\DEBUG\ABOUTSERVICE.PDB
C:\Users\RWHTT\Documents\GitHub\AllJoyn\AboutDemo\AboutService\x64\Debug\AboutService.obj
C:\Users\RWHTT\Documents\GitHub\AllJoyn\AboutDemo\AboutService\x64\Debug\MyBusObject.obj
C:\Users\RWHTT\Documents\GitHub\AllJoyn\AboutDemo\AboutService\x64\Debug\MySessionPortListener.obj
C:\Users\RWHTT\Documents\GitHub\AllJoyn\AboutDemo\AboutService\x64\Debug\stdafx.obj
C:\Users\RWHTT\Documents\GitHub\AllJoyn\AboutDemo\AboutService\x64\Debug\cl.command.1.tlog
C:\Users\RWHTT\Documents\GitHub\AllJoyn\AboutDemo\AboutService\x64\Debug\CL.read.1.tlog
C:\Users\RWHTT\Documents\GitHub\AllJoyn\AboutDemo\AboutService\x64\Debug\CL.write.1.tlog
C:\Users\RWHTT\Documents\GitHub\AllJoyn\AboutDemo\AboutService\x64\Debug\link-cvtres.read.1.tlog
C:\Users\RWHTT\Documents\GitHub\AllJoyn\AboutDemo\AboutService\x64\Debug\link-cvtres.write.1.tlog
C:\Users\RWHTT\Documents\GitHub\AllJoyn\AboutDemo\AboutService\x64\Debug\link-rc.read.1.tlog
C:\Users\RWHTT\Documents\GitHub\AllJoyn\AboutDemo\AboutService\x64\Debug\link-rc.write.1.tlog
C:\Users\RWHTT\Documents\GitHub\AllJoyn\AboutDemo\AboutService\x64\Debug\link.command.1.tlog
C:\Users\RWHTT\Documents\GitHub\AllJoyn\AboutDemo\AboutService\x64\Debug\link.read.1.tlog
C:\Users\RWHTT\Documents\GitHub\AllJoyn\AboutDemo\AboutService\x64\Debug\link.write.1.tlog
C:\Users\RWHTT\Documents\GitHub\AllJoyn\AboutDemo\AboutService\x64\Debug\AboutService.pch
C:\Users\RWHTT\Documents\GitHub\AllJoyn\AboutDemo\AboutService\x64\Debug\vc110.idb
C:\Users\RWHTT\Documents\GitHub\AllJoyn\AboutDemo\AboutService\x64\Debug\vc110.pdb
C:\Users\RWHTT\Documents\GitHub\AllJoyn\AboutDemo\x64\Debug\AboutService.pdb
C:\Users\RWHTT\Documents\GitHub\AllJoyn\AboutDemo\x64\Debug\AboutService.exe
C:\Users\RWHTT\Documents\GitHub\AllJoyn\AboutDemo\x64\Debug\AboutService.ilk
