C:\USERS\RWHTT\DOCUMENTS\GITHUB\ALLJOYN\ABOUTDEMO\ABOUTSERVICE\DEBUG\ABOUTSERVICE.PCH
C:\USERS\RWHTT\DOCUMENTS\GITHUB\ALLJOYN\ABOUTDEMO\ABOUTSERVICE\DEBUG\STDAFX.OBJ
C:\USERS\RWHTT\DOCUMENTS\GITHUB\ALLJOYN\ABOUTDEMO\ABOUTSERVICE\DEBUG\VC110.PDB
C:\USERS\RWHTT\DOCUMENTS\GITHUB\ALLJOYN\ABOUTDEMO\ABOUTSERVICE\DEBUG\ABOUTSERVICE.OBJ
C:\USERS\RWHTT\DOCUMENTS\GITHUB\ALLJOYN\ABOUTDEMO\ABOUTSERVICE\DEBUG\MYBUSOBJECT.OBJ
C:\USERS\RWHTT\DOCUMENTS\GITHUB\ALLJOYN\ABOUTDEMO\ABOUTSERVICE\DEBUG\MYSESSIONPORTLISTENER.OBJ
C:\Users\RWHTT\Documents\GitHub\AllJoyn\AboutDemo\AboutService\Debug\AboutService.obj
C:\Users\RWHTT\Documents\GitHub\AllJoyn\AboutDemo\AboutService\Debug\MyBusObject.obj
C:\Users\RWHTT\Documents\GitHub\AllJoyn\AboutDemo\AboutService\Debug\MySessionPortListener.obj
C:\Users\RWHTT\Documents\GitHub\AllJoyn\AboutDemo\AboutService\Debug\stdafx.obj
C:\Users\RWHTT\Documents\GitHub\AllJoyn\AboutDemo\AboutService\Debug\cl.command.1.tlog
C:\Users\RWHTT\Documents\GitHub\AllJoyn\AboutDemo\AboutService\Debug\CL.read.1.tlog
C:\Users\RWHTT\Documents\GitHub\AllJoyn\AboutDemo\AboutService\Debug\CL.write.1.tlog
C:\Users\RWHTT\Documents\GitHub\AllJoyn\AboutDemo\AboutService\Debug\link-cvtres.read.1.tlog
C:\Users\RWHTT\Documents\GitHub\AllJoyn\AboutDemo\AboutService\Debug\link-cvtres.write.1.tlog
C:\Users\RWHTT\Documents\GitHub\AllJoyn\AboutDemo\AboutService\Debug\link-rc.read.1.tlog
C:\Users\RWHTT\Documents\GitHub\AllJoyn\AboutDemo\AboutService\Debug\link-rc.write.1.tlog
C:\Users\RWHTT\Documents\GitHub\AllJoyn\AboutDemo\AboutService\Debug\link.command.1.tlog
C:\Users\RWHTT\Documents\GitHub\AllJoyn\AboutDemo\AboutService\Debug\link.read.1.tlog
C:\Users\RWHTT\Documents\GitHub\AllJoyn\AboutDemo\AboutService\Debug\link.write.1.tlog
C:\Users\RWHTT\Documents\GitHub\AllJoyn\AboutDemo\AboutService\Debug\AboutService.pch
C:\Users\RWHTT\Documents\GitHub\AllJoyn\AboutDemo\AboutService\Debug\vc110.idb
C:\Users\RWHTT\Documents\GitHub\AllJoyn\AboutDemo\AboutService\Debug\vc110.pdb
C:\Users\RWHTT\Documents\GitHub\AllJoyn\AboutDemo\Debug\AboutService.pdb
