C:\USERS\RWHTT\DOCUMENTS\GITHUB\ALLJOYN\ABOUTDEMO\ABOUTCLIENT\X64\DEBUG\ABOUTCLIENT.PCH
C:\USERS\RWHTT\DOCUMENTS\GITHUB\ALLJOYN\ABOUTDEMO\ABOUTCLIENT\X64\DEBUG\STDAFX.OBJ
C:\USERS\RWHTT\DOCUMENTS\GITHUB\ALLJOYN\ABOUTDEMO\ABOUTCLIENT\X64\DEBUG\VC110.PDB
C:\USERS\RWHTT\DOCUMENTS\GITHUB\ALLJOYN\ABOUTDEMO\ABOUTCLIENT\X64\DEBUG\ABOUTCLIENT.OBJ
C:\USERS\RWHTT\DOCUMENTS\GITHUB\ALLJOYN\ABOUTDEMO\ABOUTCLIENT\X64\DEBUG\MYABOUTLISTENER.OBJ
C:\USERS\RWHTT\DOCUMENTS\GITHUB\ALLJOYN\ABOUTDEMO\ABOUTCLIENT\X64\DEBUG\MYSESSIONLISTENER.OBJ
C:\USERS\RWHTT\DOCUMENTS\GITHUB\ALLJOYN\ABOUTDEMO\X64\DEBUG\ABOUTCLIENT.ILK
C:\USERS\RWHTT\DOCUMENTS\GITHUB\ALLJOYN\ABOUTDEMO\X64\DEBUG\ABOUTCLIENT.EXE
C:\USERS\RWHTT\DOCUMENTS\GITHUB\ALLJOYN\ABOUTDEMO\X64\DEBUG\ABOUTCLIENT.PDB
C:\Users\RWHTT\Documents\GitHub\AllJoyn\AboutDemo\AboutClient\x64\Debug\AboutClient.obj
C:\Users\RWHTT\Documents\GitHub\AllJoyn\AboutDemo\AboutClient\x64\Debug\MyAboutListener.obj
C:\Users\RWHTT\Documents\GitHub\AllJoyn\AboutDemo\AboutClient\x64\Debug\MySessionListener.obj
C:\Users\RWHTT\Documents\GitHub\AllJoyn\AboutDemo\AboutClient\x64\Debug\stdafx.obj
C:\Users\RWHTT\Documents\GitHub\AllJoyn\AboutDemo\AboutClient\x64\Debug\cl.command.1.tlog
C:\Users\RWHTT\Documents\GitHub\AllJoyn\AboutDemo\AboutClient\x64\Debug\CL.read.1.tlog
C:\Users\RWHTT\Documents\GitHub\AllJoyn\AboutDemo\AboutClient\x64\Debug\CL.write.1.tlog
C:\Users\RWHTT\Documents\GitHub\AllJoyn\AboutDemo\AboutClient\x64\Debug\link-cvtres.read.1.tlog
C:\Users\RWHTT\Documents\GitHub\AllJoyn\AboutDemo\AboutClient\x64\Debug\link-cvtres.write.1.tlog
C:\Users\RWHTT\Documents\GitHub\AllJoyn\AboutDemo\AboutClient\x64\Debug\link-rc.read.1.tlog
C:\Users\RWHTT\Documents\GitHub\AllJoyn\AboutDemo\AboutClient\x64\Debug\link-rc.write.1.tlog
C:\Users\RWHTT\Documents\GitHub\AllJoyn\AboutDemo\AboutClient\x64\Debug\link.command.1.tlog
C:\Users\RWHTT\Documents\GitHub\AllJoyn\AboutDemo\AboutClient\x64\Debug\link.read.1.tlog
C:\Users\RWHTT\Documents\GitHub\AllJoyn\AboutDemo\AboutClient\x64\Debug\link.write.1.tlog
C:\Users\RWHTT\Documents\GitHub\AllJoyn\AboutDemo\AboutClient\x64\Debug\AboutClient.pch
C:\Users\RWHTT\Documents\GitHub\AllJoyn\AboutDemo\AboutClient\x64\Debug\vc110.idb
C:\Users\RWHTT\Documents\GitHub\AllJoyn\AboutDemo\AboutClient\x64\Debug\vc110.pdb
C:\Users\RWHTT\Documents\GitHub\AllJoyn\AboutDemo\x64\Debug\AboutClient.pdb
C:\Users\RWHTT\Documents\GitHub\AllJoyn\AboutDemo\x64\Debug\AboutClient.exe
C:\Users\RWHTT\Documents\GitHub\AllJoyn\AboutDemo\x64\Debug\AboutClient.ilk
