Build started 11/9/2015 12:47:27 AM.
     1>Project "C:\Users\RWHTT\Documents\GitHub\AllJoyn\AboutDemo\AboutClient\AboutClient.vcxproj" on node 2 (Rebuild target(s)).
     1>ClCompile:
         C:\Program Files (x86)\Microsoft Visual Studio 11.0\VC\bin\x86_amd64\CL.exe /c /I"E:\AllJoyN\Software\SDK\alljoyn-15.04.00b-win7x64vs2012-sdk\alljoyn-15.04.00b-win7x64vs2012-sdk-dbg\cpp\inc" /Zi /nologo /W3 /WX- /sdl /Od /D QCC_OS_GROUP_WINDOWS /D UNICODE /D WIN32 /D _DEBUG /D _CONSOLE /D _UNICODE /D UNICODE /Gm /EHsc /RTC1 /MDd /GS /fp:precise /Zc:wchar_t /Zc:forScope /Yc"stdafx.h" /Fp"x64\Debug\AboutClient.pch" /Fo"x64\Debug\\" /Fd"x64\Debug\vc110.pdb" /Gd /TP /errorReport:prompt stdafx.cpp
         stdafx.cpp
         C:\Program Files (x86)\Microsoft Visual Studio 11.0\VC\bin\x86_amd64\CL.exe /c /I"E:\AllJoyN\Software\SDK\alljoyn-15.04.00b-win7x64vs2012-sdk\alljoyn-15.04.00b-win7x64vs2012-sdk-dbg\cpp\inc" /Zi /nologo /W3 /WX- /sdl /Od /D QCC_OS_GROUP_WINDOWS /D UNICODE /D WIN32 /D _DEBUG /D _CONSOLE /D _UNICODE /D UNICODE /Gm /EHsc /RTC1 /MDd /GS /fp:precise /Zc:wchar_t /Zc:forScope /Yu"stdafx.h" /Fp"x64\Debug\AboutClient.pch" /Fo"x64\Debug\\" /Fd"x64\Debug\vc110.pdb" /Gd /TP /errorReport:prompt AboutClient.cpp AboutClientCommands.cpp AllJoynContainer.cpp CommandProcessor.cpp MyAboutListener.cpp MySessionListener.cpp
         MySessionListener.cpp
         MyAboutListener.cpp
         CommandProcessor.cpp
         AllJoynContainer.cpp
         AboutClientCommands.cpp
         AboutClient.cpp
         Generating Code...
       Link:
         C:\Program Files (x86)\Microsoft Visual Studio 11.0\VC\bin\x86_amd64\link.exe /ERRORREPORT:PROMPT /OUT:"C:\Users\RWHTT\Documents\GitHub\AllJoyn\AboutDemo\x64\Debug\AboutClient.exe" /INCREMENTAL /NOLOGO /LIBPATH:"E:\AllJoyN\Software\SDK\alljoyn-15.04.00b-win7x64vs2012-sdk\alljoyn-15.04.00b-win7x64vs2012-sdk-dbg\cpp\lib" alljoyn.lib ajrouter.lib ws2_32.lib Secur32.lib crypt32.lib Bcrypt.lib Ncrypt.lib iphlpapi.lib kernel32.lib user32.lib gdi32.lib winspool.lib comdlg32.lib advapi32.lib shell32.lib ole32.lib oleaut32.lib uuid.lib odbc32.lib odbccp32.lib kernel32.lib user32.lib gdi32.lib winspool.lib comdlg32.lib advapi32.lib shell32.lib ole32.lib oleaut32.lib uuid.lib odbc32.lib odbccp32.lib /MANIFEST /MANIFESTUAC:"level='asInvoker' uiAccess='false'" /manifest:embed /DEBUG /PDB:"C:\Users\RWHTT\Documents\GitHub\AllJoyn\AboutDemo\x64\Debug\AboutClient.pdb" /SUBSYSTEM:CONSOLE /TLBID:1 /DYNAMICBASE /NXCOMPAT /IMPLIB:"C:\Users\RWHTT\Documents\GitHub\AllJoyn\AboutDemo\x64\Debug\AboutClient.lib" /MACHINE:X64 x64\Debug\AboutClient.obj
         x64\Debug\AboutClientCommands.obj
         x64\Debug\AllJoynContainer.obj
         x64\Debug\CommandProcessor.obj
         x64\Debug\MyAboutListener.obj
         x64\Debug\MySessionListener.obj
         x64\Debug\stdafx.obj
         AboutClient.vcxproj -> C:\Users\RWHTT\Documents\GitHub\AllJoyn\AboutDemo\x64\Debug\AboutClient.exe
     1>Done Building Project "C:\Users\RWHTT\Documents\GitHub\AllJoyn\AboutDemo\AboutClient\AboutClient.vcxproj" (Rebuild target(s)).

Build succeeded.

Time Elapsed 00:00:04.75
